<?xml version="1.0" encoding="UTF-8"?>
<!-- Generated by org.testng.reporters.JUnitReportReporter -->
<testsuite hostname="DESKTOP-SV9CFRI" failures="0" tests="1" name="com.herokuapp.theinternet.loginpagetests.PositiveLogInTests" time="85.272" errors="0" timestamp="2023-08-25T12:45:22 IST" skipped="0">
  <testcase classname="com.herokuapp.theinternet.loginpagetests.PositiveLogInTests" name="loginTest" time="85.272"/>
</testsuite> <!-- com.herokuapp.theinternet.loginpagetests.PositiveLogInTests -->
